<?xml version="1.0" encoding="UTF-8"?>
<testsuite xmlns:xsi="http://www.w3.org/2001/XMLSchema-instance" xsi:noNamespaceSchemaLocation="https://maven.apache.org/surefire/maven-surefire-plugin/xsd/surefire-test-report.xsd" name="Runner.RunTest" time="56.976" tests="25" errors="0" skipped="0" failures="0">
  <properties>
[...]
</properties>
  <testcase name="Given I am in Home Page(| Bangalore " classname="BLR) | Chennai International |" time="0.001"/>
  <testcase name="When I enter &quot;Bangalore (BLR)&quot; in depart from field(| Bangalore " classname="BLR) | Chennai International |" time="0.001"/>
  <testcase name="And enter &quot;Chennai International&quot; in going to field(| Bangalore " classname="BLR) | Chennai International |" time="0"/>
  <testcase name="And select departure date(| Bangalore " classname="BLR) | Chennai International |" time="0"/>
  <testcase name="And select return date(| Bangalore " classname="BLR) | Chennai International |" time="0"/>
  <testcase name="And select Senior Citizen checkbox(| Bangalore " classname="BLR) | Chennai International |" time="0"/>
  <testcase name="And click on Search Flights button(| Bangalore " classname="BLR) | Chennai International |" time="0"/>
  <testcase name="Then flight search results with the text &quot;Stops&quot; are displayed(| Bangalore " classname="BLR) | Chennai International |" time="0"/>
  <testcase name="| Bangalore " classname="| Bangalore (BLR) | Chennai International |" time="0.519"/>
  <testcase name="Given I am in Home Page" classname="| Jaipur | Bengaluru |" time="0"/>
  <testcase name="When I click on Holidays option" classname="| Jaipur | Bengaluru |" time="0"/>
  <testcase name="And I enter &quot;Jaipur&quot; in depart from field for holiday" classname="| Jaipur | Bengaluru |" time="0"/>
  <testcase name="And enter &quot;Bengaluru&quot; in going to field for holiday" classname="| Jaipur | Bengaluru |" time="0"/>
  <testcase name="And select month of travel" classname="| Jaipur | Bengaluru |" time="0"/>
  <testcase name="And click on Search Holidays button" classname="| Jaipur | Bengaluru |" time="0"/>
  <testcase name="Then holiday search results containing the destination &quot;Bengaluru&quot; are displayed" classname="| Jaipur | Bengaluru |" time="0"/>
  <testcase name="| Jaipur | Bengaluru |" classname="| Jaipur | Bengaluru |" time="0.111"/>
  <testcase name="Given I am in Home Page" classname="| New Delhi |" time="0"/>
  <testcase name="When I click on Hotels" classname="| New Delhi |" time="0"/>
  <testcase name="And enter &quot;New Delhi&quot; in location field" classname="| New Delhi |" time="0"/>
  <testcase name="And select checkin date" classname="| New Delhi |" time="0"/>
  <testcase name="And select checkout date" classname="| New Delhi |" time="0"/>
  <testcase name="And click on Search button" classname="| New Delhi |" time="0"/>
  <testcase name="Then hotel search results for &quot;New Delhi&quot; are displayed" classname="| New Delhi |" time="0.001"/>
  <testcase name="| New Delhi |" classname="| New Delhi |" time="0.153"/>
</testsuite>